[debug] [2022-01-06T22:55:36.335Z] ----------------------------------------------------------------------
[debug] [2022-01-06T22:55:36.337Z] Command:       C:\Program Files\nodejs\node.exe C:\Users\natha\AppData\Roaming\npm\node_modules\firebase-tools\lib\bin\firebase.js init
[debug] [2022-01-06T22:55:36.338Z] CLI Version:   9.23.2
[debug] [2022-01-06T22:55:36.338Z] Platform:      win32
[debug] [2022-01-06T22:55:36.338Z] Node Version:  v14.16.0
[debug] [2022-01-06T22:55:36.341Z] Time:          Thu Jan 06 2022 22:55:36 GMT+0000 (Greenwich Mean Time)
[debug] [2022-01-06T22:55:36.342Z] ----------------------------------------------------------------------
[debug] 
[debug] [2022-01-06T22:55:36.345Z] >>> [apiv2][query] GET https://firebase-public.firebaseio.com/cli.json [none]
[debug] [2022-01-06T22:55:36.429Z] > command requires scopes: ["email","openid","https://www.googleapis.com/auth/cloudplatformprojects.readonly","https://www.googleapis.com/auth/firebase","https://www.googleapis.com/auth/cloud-platform"]
[debug] [2022-01-06T22:55:36.430Z] > authorizing via signed-in user (nathanaelsheehan@gmail.com)
[info] 
     ######## #### ########  ######## ########     ###     ######  ########
     ##        ##  ##     ## ##       ##     ##  ##   ##  ##       ##
     ######    ##  ########  ######   ########  #########  ######  ######
     ##        ##  ##    ##  ##       ##     ## ##     ##       ## ##
     ##       #### ##     ## ######## ########  ##     ##  ######  ########

You're about to initialize a Firebase project in this directory:

  C:\Users\natha\OneDrive\Documents

Before we get started, keep in mind:

  * You are initializing within an existing Firebase project directory

